Determining if the pthread_create exist failed with the following output:
Change Dir: /home/cetc001/Raft/Raft/build/CMakeFiles/CMakeTmp

Run Build Command:"/usr/bin/make" "cmTC_51fcf/fast"
/usr/bin/make -f CMakeFiles/cmTC_51fcf.dir/build.make CMakeFiles/cmTC_51fcf.dir/build
make[1]: Entering directory '/home/cetc001/Raft/Raft/build/CMakeFiles/CMakeTmp'
Building C object CMakeFiles/cmTC_51fcf.dir/CheckSymbolExists.c.o
/usr/bin/cc     -o CMakeFiles/cmTC_51fcf.dir/CheckSymbolExists.c.o   -c /home/cetc001/Raft/Raft/build/CMakeFiles/CMakeTmp/CheckSymbolExists.c
Linking C executable cmTC_51fcf
/usr/bin/cmake -E cmake_link_script CMakeFiles/cmTC_51fcf.dir/link.txt --verbose=1
/usr/bin/cc       CMakeFiles/cmTC_51fcf.dir/CheckSymbolExists.c.o  -o cmTC_51fcf 
CMakeFiles/cmTC_51fcf.dir/CheckSymbolExists.c.o: In function `main':
CheckSymbolExists.c:(.text+0x16): undefined reference to `pthread_create'
collect2: error: ld returned 1 exit status
CMakeFiles/cmTC_51fcf.dir/build.make:97: recipe for target 'cmTC_51fcf' failed
make[1]: *** [cmTC_51fcf] Error 1
make[1]: Leaving directory '/home/cetc001/Raft/Raft/build/CMakeFiles/CMakeTmp'
Makefile:126: recipe for target 'cmTC_51fcf/fast' failed
make: *** [cmTC_51fcf/fast] Error 2

File /home/cetc001/Raft/Raft/build/CMakeFiles/CMakeTmp/CheckSymbolExists.c:
/* */
#include <pthread.h>

int main(int argc, char** argv)
{
  (void)argv;
#ifndef pthread_create
  return ((int*)(&pthread_create))[argc];
#else
  (void)argc;
  return 0;
#endif
}

Determining if the function pthread_create exists in the pthreads failed with the following output:
Change Dir: /home/cetc001/Raft/Raft/build/CMakeFiles/CMakeTmp

Run Build Command:"/usr/bin/make" "cmTC_cf808/fast"
/usr/bin/make -f CMakeFiles/cmTC_cf808.dir/build.make CMakeFiles/cmTC_cf808.dir/build
make[1]: Entering directory '/home/cetc001/Raft/Raft/build/CMakeFiles/CMakeTmp'
Building C object CMakeFiles/cmTC_cf808.dir/CheckFunctionExists.c.o
/usr/bin/cc    -DCHECK_FUNCTION_EXISTS=pthread_create   -o CMakeFiles/cmTC_cf808.dir/CheckFunctionExists.c.o   -c /usr/share/cmake-3.5/Modules/CheckFunctionExists.c
Linking C executable cmTC_cf808
/usr/bin/cmake -E cmake_link_script CMakeFiles/cmTC_cf808.dir/link.txt --verbose=1
/usr/bin/cc   -DCHECK_FUNCTION_EXISTS=pthread_create    CMakeFiles/cmTC_cf808.dir/CheckFunctionExists.c.o  -o cmTC_cf808 -lpthreads 
/usr/bin/ld: cannot find -lpthreads
collect2: error: ld returned 1 exit status
CMakeFiles/cmTC_cf808.dir/build.make:97: recipe for target 'cmTC_cf808' failed
make[1]: *** [cmTC_cf808] Error 1
make[1]: Leaving directory '/home/cetc001/Raft/Raft/build/CMakeFiles/CMakeTmp'
Makefile:126: recipe for target 'cmTC_cf808/fast' failed
make: *** [cmTC_cf808/fast] Error 2


